f:\castlevania_14521189_nguyenanhhuyvu\simon\debug\vc141.pdb
f:\castlevania_14521189_nguyenanhhuyvu\simon\debug\vc141.idb
f:\castlevania_14521189_nguyenanhhuyvu\simon\debug\door.obj
f:\castlevania_14521189_nguyenanhhuyvu\simon\debug\crossitem.obj
f:\castlevania_14521189_nguyenanhhuyvu\simon\debug\candle.obj
f:\castlevania_14521189_nguyenanhhuyvu\simon\debug\cameraobject.obj
f:\castlevania_14521189_nguyenanhhuyvu\simon\debug\bumeranitem.obj
f:\castlevania_14521189_nguyenanhhuyvu\simon\debug\bumeran.obj
f:\castlevania_14521189_nguyenanhhuyvu\simon\debug\brick.obj
f:\castlevania_14521189_nguyenanhhuyvu\simon\debug\bottleitem.obj
f:\castlevania_14521189_nguyenanhhuyvu\simon\debug\bottle.obj
f:\castlevania_14521189_nguyenanhhuyvu\simon\debug\bossbat.obj
f:\castlevania_14521189_nguyenanhhuyvu\simon\debug\bonetower.obj
f:\castlevania_14521189_nguyenanhhuyvu\simon\debug\boardpause.obj
f:\castlevania_14521189_nguyenanhhuyvu\simon\debug\blackboard.obj
f:\castlevania_14521189_nguyenanhhuyvu\simon\debug\bigheartitem.obj
f:\castlevania_14521189_nguyenanhhuyvu\simon\debug\batintrogame.obj
f:\castlevania_14521189_nguyenanhhuyvu\simon\debug\bat.obj
f:\castlevania_14521189_nguyenanhhuyvu\simon\debug\ballitem.obj
f:\castlevania_14521189_nguyenanhhuyvu\simon\debug\axeknight.obj
f:\castlevania_14521189_nguyenanhhuyvu\simon\debug\axeitem.obj
f:\castlevania_14521189_nguyenanhhuyvu\simon\debug\axe.obj
f:\castlevania_14521189_nguyenanhhuyvu\simon\debug\spiketrap.obj
f:\castlevania_14521189_nguyenanhhuyvu\simon\debug\snakeweapon.obj
f:\castlevania_14521189_nguyenanhhuyvu\simon\debug\shotboard.obj
f:\castlevania_14521189_nguyenanhhuyvu\simon\debug\rightobject.obj
f:\castlevania_14521189_nguyenanhhuyvu\simon\debug\potion_item.obj
f:\castlevania_14521189_nguyenanhhuyvu\simon\debug\porkchopitem.obj
f:\castlevania_14521189_nguyenanhhuyvu\simon\debug\pausemenu.obj
f:\castlevania_14521189_nguyenanhhuyvu\simon\debug\morningstaritem.obj
f:\castlevania_14521189_nguyenanhhuyvu\simon\debug\moneybagitem.obj
f:\castlevania_14521189_nguyenanhhuyvu\simon\debug\item.obj
f:\castlevania_14521189_nguyenanhhuyvu\simon\debug\ii_item.obj
f:\castlevania_14521189_nguyenanhhuyvu\simon\debug\iii_item.obj
f:\castlevania_14521189_nguyenanhhuyvu\simon\debug\heartitem.obj
f:\castlevania_14521189_nguyenanhhuyvu\simon\debug\health.obj
f:\castlevania_14521189_nguyenanhhuyvu\simon\debug\gamefont.obj
f:\castlevania_14521189_nguyenanhhuyvu\simon\debug\flyingbrick.obj
f:\castlevania_14521189_nguyenanhhuyvu\simon\debug\fireball.obj
f:\castlevania_14521189_nguyenanhhuyvu\simon\debug\fire.obj
f:\castlevania_14521189_nguyenanhhuyvu\simon\debug\effect.obj
f:\castlevania_14521189_nguyenanhhuyvu\simon\debug\downstairobject.obj
f:\castlevania_14521189_nguyenanhhuyvu\simon\debug\object.obj
f:\castlevania_14521189_nguyenanhhuyvu\simon\debug\morningstar.obj
f:\castlevania_14521189_nguyenanhhuyvu\simon\debug\medusahead.obj
f:\castlevania_14521189_nguyenanhhuyvu\simon\debug\bossmedusa.obj
f:\castlevania_14521189_nguyenanhhuyvu\simon\debug\map.obj
f:\castlevania_14521189_nguyenanhhuyvu\simon\debug\invisibleobject.obj
f:\castlevania_14521189_nguyenanhhuyvu\simon\debug\ghoul.obj
f:\castlevania_14521189_nguyenanhhuyvu\simon\debug\ghost.obj
f:\castlevania_14521189_nguyenanhhuyvu\simon\debug\dsutil.obj
f:\castlevania_14521189_nguyenanhhuyvu\simon\debug\gamecamera.obj
f:\castlevania_14521189_nguyenanhhuyvu\simon\debug\gameaudio.obj
f:\castlevania_14521189_nguyenanhhuyvu\simon\debug\fishman.obj
f:\castlevania_14521189_nguyenanhhuyvu\simon\debug\cloudintrogame.obj
f:\castlevania_14521189_nguyenanhhuyvu\simon\debug\torch.obj
f:\castlevania_14521189_nguyenanhhuyvu\simon\debug\sworditem.obj
f:\castlevania_14521189_nguyenanhhuyvu\simon\debug\sword.obj
f:\castlevania_14521189_nguyenanhhuyvu\simon\debug\stopwatchitem.obj
f:\castlevania_14521189_nguyenanhhuyvu\simon\debug\star.obj
f:\castlevania_14521189_nguyenanhhuyvu\simon\debug\stair2.obj
f:\castlevania_14521189_nguyenanhhuyvu\simon\debug\stair.obj
f:\castlevania_14521189_nguyenanhhuyvu\simon\debug\weaponboard.obj
f:\castlevania_14521189_nguyenanhhuyvu\simon\debug\weapon.obj
f:\castlevania_14521189_nguyenanhhuyvu\simon\debug\waterobject.obj
f:\castlevania_14521189_nguyenanhhuyvu\simon\debug\water.obj
f:\castlevania_14521189_nguyenanhhuyvu\simon\debug\utils.obj
f:\castlevania_14521189_nguyenanhhuyvu\simon\debug\upstairobject.obj
f:\castlevania_14521189_nguyenanhhuyvu\simon\debug\swept_aabb.obj
f:\castlevania_14521189_nguyenanhhuyvu\simon\debug\spearknight.obj
f:\castlevania_14521189_nguyenanhhuyvu\simon\debug\simon.obj
f:\castlevania_14521189_nguyenanhhuyvu\simon\debug\gametexture.obj
f:\castlevania_14521189_nguyenanhhuyvu\simon\debug\gamesprite.obj
f:\castlevania_14521189_nguyenanhhuyvu\simon\debug\main.obj
f:\castlevania_14521189_nguyenanhhuyvu\simon\debug\global.obj
f:\castlevania_14521189_nguyenanhhuyvu\simon\debug\game.obj
f:\castlevania_14521189_nguyenanhhuyvu\simon\debug\scenemain.obj
f:\castlevania_14521189_nguyenanhhuyvu\simon\debug\quadtree.obj
f:\castlevania_14521189_nguyenanhhuyvu\simon\debug\panther.obj
f:\castlevania_14521189_nguyenanhhuyvu\debug\simon.ilk
f:\castlevania_14521189_nguyenanhhuyvu\debug\simon.exe
f:\castlevania_14521189_nguyenanhhuyvu\debug\simon.pdb
f:\castlevania_14521189_nguyenanhhuyvu\simon\debug\simon.tlog\cl.command.1.tlog
f:\castlevania_14521189_nguyenanhhuyvu\simon\debug\simon.tlog\cl.read.1.tlog
f:\castlevania_14521189_nguyenanhhuyvu\simon\debug\simon.tlog\cl.write.1.tlog
f:\castlevania_14521189_nguyenanhhuyvu\simon\debug\simon.tlog\link.command.1.tlog
f:\castlevania_14521189_nguyenanhhuyvu\simon\debug\simon.tlog\link.read.1.tlog
f:\castlevania_14521189_nguyenanhhuyvu\simon\debug\simon.tlog\link.write.1.tlog
